<?xml version="1.0" encoding="UTF-8"?>
<testng-results skipped="0" failed="0" total="1" passed="1">
  <reporter-output>
  </reporter-output>
  <suite name="Default suite" duration-ms="30" started-at="2018-05-31T04:04:23Z" finished-at="2018-05-31T04:04:23Z">
    <groups>
    </groups>
    <test name="Default test" duration-ms="30" started-at="2018-05-31T04:04:23Z" finished-at="2018-05-31T04:04:23Z">
      <class name="org.test.test">
        <test-method status="PASS" signature="setup()[pri:0, instance:org.test.test@29774679]" name="setup" is-config="true" duration-ms="12" started-at="2018-05-31T12:04:23Z" finished-at="2018-05-31T12:04:23Z">
          <reporter-output>
          </reporter-output>
        </test-method> <!-- setup -->
        <test-method status="PASS" signature="test1()[pri:0, instance:org.test.test@29774679]" name="test1" duration-ms="5" started-at="2018-05-31T12:04:23Z" finished-at="2018-05-31T12:04:23Z">
          <reporter-output>
          </reporter-output>
        </test-method> <!-- test1 -->
      </class> <!-- org.test.test -->
    </test> <!-- Default test -->
  </suite> <!-- Default suite -->
</testng-results>
