<?xml version="1.0" encoding="UTF-8"?>
<testng-results skipped="0" failed="0" total="1" passed="1">
  <reporter-output>
  </reporter-output>
  <suite name="Suite" duration-ms="26" started-at="2018-05-31T06:33:56Z" finished-at="2018-05-31T06:33:56Z">
    <groups>
    </groups>
    <test name="Test" duration-ms="26" started-at="2018-05-31T06:33:56Z" finished-at="2018-05-31T06:33:56Z">
      <class name="TTT.NewTest">
        <test-method status="PASS" signature="f()[pri:0, instance:TTT.NewTest@d8355a8]" name="f" duration-ms="11" started-at="2018-05-31T14:33:56Z" finished-at="2018-05-31T14:33:56Z">
          <reporter-output>
          </reporter-output>
        </test-method> <!-- f -->
      </class> <!-- TTT.NewTest -->
    </test> <!-- Test -->
  </suite> <!-- Suite -->
</testng-results>
