<?xml version="1.0" encoding="UTF-8"?>
<testng-results skipped="0" failed="0" total="1" passed="1">
  <reporter-output>
  </reporter-output>
  <suite name="Suite" duration-ms="26" started-at="2018-05-31T07:18:06Z" finished-at="2018-05-31T07:18:06Z">
    <groups>
    </groups>
    <test name="Test" duration-ms="26" started-at="2018-05-31T07:18:06Z" finished-at="2018-05-31T07:18:06Z">
      <class name="testcase.NewTest">
        <test-method status="PASS" signature="f()[pri:0, instance:testcase.NewTest@d8355a8]" name="f" duration-ms="12" started-at="2018-05-31T15:18:06Z" finished-at="2018-05-31T15:18:06Z">
          <reporter-output>
          </reporter-output>
        </test-method> <!-- f -->
      </class> <!-- testcase.NewTest -->
    </test> <!-- Test -->
  </suite> <!-- Suite -->
</testng-results>
